<?xml version="1.0" encoding="UTF-8"?>
<testsuite xmlns:xsi="http://www.w3.org/2001/XMLSchema-instance" xsi:noNamespaceSchemaLocation="https://maven.apache.org/surefire/maven-surefire-plugin/xsd/surefire-test-report.xsd" name="com.zzy.eban.AppTest" time="0.016" tests="1" errors="0" skipped="0" failures="0">
  <properties>
    <property name="sun.desktop" value="windows"/>
    <property name="awt.toolkit" value="sun.awt.windows.WToolkit"/>
    <property name="file.encoding.pkg" value="sun.io"/>
    <property name="java.specification.version" value="1.8"/>
    <property name="sun.cpu.isalist" value="amd64"/>
    <property name="sun.jnu.encoding" value="GBK"/>
    <property name="java.class.path" value="D:\project2\yeb\eban-server\target\test-classes;D:\project2\yeb\eban-server\target\classes;D:\MavenHome\maven_repository\org\springframework\boot\spring-boot-starter-web\2.3.0.RELEASE\spring-boot-starter-web-2.3.0.RELEASE.jar;D:\MavenHome\maven_repository\org\springframework\boot\spring-boot-starter-json\2.3.0.RELEASE\spring-boot-starter-json-2.3.0.RELEASE.jar;D:\MavenHome\maven_repository\com\fasterxml\jackson\datatype\jackson-datatype-jdk8\2.11.0\jackson-datatype-jdk8-2.11.0.jar;D:\MavenHome\maven_repository\com\fasterxml\jackson\datatype\jackson-datatype-jsr310\2.11.0\jackson-datatype-jsr310-2.11.0.jar;D:\MavenHome\maven_repository\com\fasterxml\jackson\module\jackson-module-parameter-names\2.11.0\jackson-module-parameter-names-2.11.0.jar;D:\MavenHome\maven_repository\org\springframework\boot\spring-boot-starter-tomcat\2.3.0.RELEASE\spring-boot-starter-tomcat-2.3.0.RELEASE.jar;D:\MavenHome\maven_repository\org\apache\tomcat\embed\tomcat-embed-core\9.0.35\tomcat-embed-core-9.0.35.jar;D:\MavenHome\maven_repository\org\glassfish\jakarta.el\3.0.3\jakarta.el-3.0.3.jar;D:\MavenHome\maven_repository\org\apache\tomcat\embed\tomcat-embed-websocket\9.0.35\tomcat-embed-websocket-9.0.35.jar;D:\MavenHome\maven_repository\org\springframework\spring-web\5.2.6.RELEASE\spring-web-5.2.6.RELEASE.jar;D:\MavenHome\maven_repository\org\springframework\spring-beans\5.2.6.RELEASE\spring-beans-5.2.6.RELEASE.jar;D:\MavenHome\maven_repository\org\springframework\spring-webmvc\5.2.6.RELEASE\spring-webmvc-5.2.6.RELEASE.jar;D:\MavenHome\maven_repository\org\springframework\spring-context\5.2.6.RELEASE\spring-context-5.2.6.RELEASE.jar;D:\MavenHome\maven_repository\org\springframework\spring-expression\5.2.6.RELEASE\spring-expression-5.2.6.RELEASE.jar;D:\MavenHome\maven_repository\org\projectlombok\lombok\1.18.12\lombok-1.18.12.jar;D:\MavenHome\maven_repository\mysql\mysql-connector-java\8.0.20\mysql-connector-java-8.0.20.jar;D:\MavenHome\maven_repository\com\baomidou\mybatis-plus-boot-starter\3.3.1.tmp\mybatis-plus-boot-starter-3.3.1.tmp.jar;D:\MavenHome\maven_repository\com\baomidou\mybatis-plus\3.3.1.tmp\mybatis-plus-3.3.1.tmp.jar;D:\MavenHome\maven_repository\com\baomidou\mybatis-plus-extension\3.3.1.tmp\mybatis-plus-extension-3.3.1.tmp.jar;D:\MavenHome\maven_repository\com\baomidou\mybatis-plus-core\3.3.1.tmp\mybatis-plus-core-3.3.1.tmp.jar;D:\MavenHome\maven_repository\com\baomidou\mybatis-plus-annotation\3.3.1.tmp\mybatis-plus-annotation-3.3.1.tmp.jar;D:\MavenHome\maven_repository\com\github\jsqlparser\jsqlparser\3.1\jsqlparser-3.1.jar;D:\MavenHome\maven_repository\org\mybatis\mybatis\3.5.3\mybatis-3.5.3.jar;D:\MavenHome\maven_repository\org\mybatis\mybatis-spring\2.0.3\mybatis-spring-2.0.3.jar;D:\MavenHome\maven_repository\org\springframework\boot\spring-boot-autoconfigure\2.3.0.RELEASE\spring-boot-autoconfigure-2.3.0.RELEASE.jar;D:\MavenHome\maven_repository\org\springframework\boot\spring-boot-starter-jdbc\2.3.0.RELEASE\spring-boot-starter-jdbc-2.3.0.RELEASE.jar;D:\MavenHome\maven_repository\com\zaxxer\HikariCP\3.4.5\HikariCP-3.4.5.jar;D:\MavenHome\maven_repository\org\springframework\spring-jdbc\5.2.6.RELEASE\spring-jdbc-5.2.6.RELEASE.jar;D:\MavenHome\maven_repository\io\springfox\springfox-swagger2\2.7.0\springfox-swagger2-2.7.0.jar;D:\MavenHome\maven_repository\io\swagger\swagger-annotations\1.5.13\swagger-annotations-1.5.13.jar;D:\MavenHome\maven_repository\io\swagger\swagger-models\1.5.13\swagger-models-1.5.13.jar;D:\MavenHome\maven_repository\com\fasterxml\jackson\core\jackson-annotations\2.11.0\jackson-annotations-2.11.0.jar;D:\MavenHome\maven_repository\io\springfox\springfox-spi\2.7.0\springfox-spi-2.7.0.jar;D:\MavenHome\maven_repository\io\springfox\springfox-core\2.7.0\springfox-core-2.7.0.jar;D:\MavenHome\maven_repository\io\springfox\springfox-schema\2.7.0\springfox-schema-2.7.0.jar;D:\MavenHome\maven_repository\io\springfox\springfox-swagger-common\2.7.0\springfox-swagger-common-2.7.0.jar;D:\MavenHome\maven_repository\io\springfox\springfox-spring-web\2.7.0\springfox-spring-web-2.7.0.jar;D:\MavenHome\maven_repository\org\reflections\reflections\0.9.11\reflections-0.9.11.jar;D:\MavenHome\maven_repository\com\google\guava\guava\18.0\guava-18.0.jar;D:\MavenHome\maven_repository\com\fasterxml\classmate\1.5.1\classmate-1.5.1.jar;D:\MavenHome\maven_repository\org\slf4j\slf4j-api\1.7.30\slf4j-api-1.7.30.jar;D:\MavenHome\maven_repository\org\springframework\plugin\spring-plugin-core\1.2.0.RELEASE\spring-plugin-core-1.2.0.RELEASE.jar;D:\MavenHome\maven_repository\org\springframework\plugin\spring-plugin-metadata\1.2.0.RELEASE\spring-plugin-metadata-1.2.0.RELEASE.jar;D:\MavenHome\maven_repository\org\mapstruct\mapstruct\1.1.0.Final\mapstruct-1.1.0.Final.jar;D:\MavenHome\maven_repository\com\github\xiaoymin\swagger-bootstrap-ui\1.9.6\swagger-bootstrap-ui-1.9.6.jar;D:\MavenHome\maven_repository\org\javassist\javassist\3.25.0-GA\javassist-3.25.0-GA.jar;D:\MavenHome\maven_repository\org\springframework\boot\spring-boot-starter-security\2.3.0.RELEASE\spring-boot-starter-security-2.3.0.RELEASE.jar;D:\MavenHome\maven_repository\org\springframework\spring-aop\5.2.6.RELEASE\spring-aop-5.2.6.RELEASE.jar;D:\MavenHome\maven_repository\org\springframework\security\spring-security-config\5.3.2.RELEASE\spring-security-config-5.3.2.RELEASE.jar;D:\MavenHome\maven_repository\org\springframework\security\spring-security-core\5.3.2.RELEASE\spring-security-core-5.3.2.RELEASE.jar;D:\MavenHome\maven_repository\org\springframework\security\spring-security-web\5.3.2.RELEASE\spring-security-web-5.3.2.RELEASE.jar;D:\MavenHome\maven_repository\io\jsonwebtoken\jjwt\0.9.0\jjwt-0.9.0.jar;D:\MavenHome\maven_repository\com\fasterxml\jackson\core\jackson-databind\2.11.0\jackson-databind-2.11.0.jar;D:\MavenHome\maven_repository\com\fasterxml\jackson\core\jackson-core\2.11.0\jackson-core-2.11.0.jar;D:\MavenHome\maven_repository\com\github\axet\kaptcha\0.0.9\kaptcha-0.0.9.jar;D:\MavenHome\maven_repository\com\jhlabs\filters\2.0.235\filters-2.0.235.jar;D:\MavenHome\maven_repository\org\springframework\boot\spring-boot-starter-data-redis\2.3.0.RELEASE\spring-boot-starter-data-redis-2.3.0.RELEASE.jar;D:\MavenHome\maven_repository\org\springframework\data\spring-data-redis\2.3.0.RELEASE\spring-data-redis-2.3.0.RELEASE.jar;D:\MavenHome\maven_repository\org\springframework\data\spring-data-keyvalue\2.3.0.RELEASE\spring-data-keyvalue-2.3.0.RELEASE.jar;D:\MavenHome\maven_repository\org\springframework\data\spring-data-commons\2.3.0.RELEASE\spring-data-commons-2.3.0.RELEASE.jar;D:\MavenHome\maven_repository\org\springframework\spring-tx\5.2.6.RELEASE\spring-tx-5.2.6.RELEASE.jar;D:\MavenHome\maven_repository\org\springframework\spring-oxm\5.2.6.RELEASE\spring-oxm-5.2.6.RELEASE.jar;D:\MavenHome\maven_repository\org\springframework\spring-context-support\5.2.6.RELEASE\spring-context-support-5.2.6.RELEASE.jar;D:\MavenHome\maven_repository\io\lettuce\lettuce-core\5.3.0.RELEASE\lettuce-core-5.3.0.RELEASE.jar;D:\MavenHome\maven_repository\io\netty\netty-common\4.1.49.Final\netty-common-4.1.49.Final.jar;D:\MavenHome\maven_repository\io\netty\netty-handler\4.1.49.Final\netty-handler-4.1.49.Final.jar;D:\MavenHome\maven_repository\io\netty\netty-resolver\4.1.49.Final\netty-resolver-4.1.49.Final.jar;D:\MavenHome\maven_repository\io\netty\netty-buffer\4.1.49.Final\netty-buffer-4.1.49.Final.jar;D:\MavenHome\maven_repository\io\netty\netty-codec\4.1.49.Final\netty-codec-4.1.49.Final.jar;D:\MavenHome\maven_repository\io\netty\netty-transport\4.1.49.Final\netty-transport-4.1.49.Final.jar;D:\MavenHome\maven_repository\io\projectreactor\reactor-core\3.3.5.RELEASE\reactor-core-3.3.5.RELEASE.jar;D:\MavenHome\maven_repository\org\reactivestreams\reactive-streams\1.0.3\reactive-streams-1.0.3.jar;D:\MavenHome\maven_repository\org\apache\commons\commons-pool2\2.8.0\commons-pool2-2.8.0.jar;D:\MavenHome\maven_repository\cn\afterturn\easypoi-spring-boot-starter\4.1.3\easypoi-spring-boot-starter-4.1.3.jar;D:\MavenHome\maven_repository\cn\afterturn\easypoi-web\4.1.3\easypoi-web-4.1.3.jar;D:\MavenHome\maven_repository\cn\afterturn\easypoi-base\4.1.3\easypoi-base-4.1.3.jar;D:\MavenHome\maven_repository\org\apache\poi\poi\4.1.0\poi-4.1.0.jar;D:\MavenHome\maven_repository\commons-codec\commons-codec\1.14\commons-codec-1.14.jar;D:\MavenHome\maven_repository\org\apache\commons\commons-collections4\4.3\commons-collections4-4.3.jar;D:\MavenHome\maven_repository\org\apache\commons\commons-math3\3.6.1\commons-math3-3.6.1.jar;D:\MavenHome\maven_repository\org\apache\poi\poi-ooxml\4.1.0\poi-ooxml-4.1.0.jar;D:\MavenHome\maven_repository\org\apache\commons\commons-compress\1.18\commons-compress-1.18.jar;D:\MavenHome\maven_repository\com\github\virtuald\curvesapi\1.06\curvesapi-1.06.jar;D:\MavenHome\maven_repository\org\apache\poi\poi-ooxml-schemas\4.1.0\poi-ooxml-schemas-4.1.0.jar;D:\MavenHome\maven_repository\org\apache\xmlbeans\xmlbeans\3.1.0\xmlbeans-3.1.0.jar;D:\MavenHome\maven_repository\org\apache\commons\commons-lang3\3.10\commons-lang3-3.10.jar;D:\MavenHome\maven_repository\ognl\ognl\3.2.6\ognl-3.2.6.jar;D:\MavenHome\maven_repository\javax\validation\validation-api\2.0.1.Final\validation-api-2.0.1.Final.jar;D:\MavenHome\maven_repository\cn\afterturn\easypoi-annotation\4.1.3\easypoi-annotation-4.1.3.jar;D:\MavenHome\maven_repository\org\springframework\boot\spring-boot-starter-amqp\2.3.0.RELEASE\spring-boot-starter-amqp-2.3.0.RELEASE.jar;D:\MavenHome\maven_repository\org\springframework\spring-messaging\5.2.6.RELEASE\spring-messaging-5.2.6.RELEASE.jar;D:\MavenHome\maven_repository\org\springframework\amqp\spring-rabbit\2.2.6.RELEASE\spring-rabbit-2.2.6.RELEASE.jar;D:\MavenHome\maven_repository\com\rabbitmq\amqp-client\5.9.0\amqp-client-5.9.0.jar;D:\MavenHome\maven_repository\org\springframework\amqp\spring-amqp\2.2.6.RELEASE\spring-amqp-2.2.6.RELEASE.jar;D:\MavenHome\maven_repository\org\springframework\retry\spring-retry\1.2.5.RELEASE\spring-retry-1.2.5.RELEASE.jar;D:\MavenHome\maven_repository\org\springframework\boot\spring-boot-starter-websocket\2.3.0.RELEASE\spring-boot-starter-websocket-2.3.0.RELEASE.jar;D:\MavenHome\maven_repository\org\springframework\spring-websocket\5.2.6.RELEASE\spring-websocket-5.2.6.RELEASE.jar;D:\MavenHome\maven_repository\org\springframework\boot\spring-boot-starter\2.3.0.RELEASE\spring-boot-starter-2.3.0.RELEASE.jar;D:\MavenHome\maven_repository\org\springframework\boot\spring-boot\2.3.0.RELEASE\spring-boot-2.3.0.RELEASE.jar;D:\MavenHome\maven_repository\org\springframework\boot\spring-boot-starter-logging\2.3.0.RELEASE\spring-boot-starter-logging-2.3.0.RELEASE.jar;D:\MavenHome\maven_repository\ch\qos\logback\logback-classic\1.2.3\logback-classic-1.2.3.jar;D:\MavenHome\maven_repository\ch\qos\logback\logback-core\1.2.3\logback-core-1.2.3.jar;D:\MavenHome\maven_repository\org\apache\logging\log4j\log4j-to-slf4j\2.13.2\log4j-to-slf4j-2.13.2.jar;D:\MavenHome\maven_repository\org\apache\logging\log4j\log4j-api\2.13.2\log4j-api-2.13.2.jar;D:\MavenHome\maven_repository\org\slf4j\jul-to-slf4j\1.7.30\jul-to-slf4j-1.7.30.jar;D:\MavenHome\maven_repository\jakarta\annotation\jakarta.annotation-api\1.3.5\jakarta.annotation-api-1.3.5.jar;D:\MavenHome\maven_repository\org\springframework\spring-core\5.2.6.RELEASE\spring-core-5.2.6.RELEASE.jar;D:\MavenHome\maven_repository\org\springframework\spring-jcl\5.2.6.RELEASE\spring-jcl-5.2.6.RELEASE.jar;D:\MavenHome\maven_repository\org\yaml\snakeyaml\1.26\snakeyaml-1.26.jar;D:\MavenHome\maven_repository\org\springframework\boot\spring-boot-starter-test\2.3.0.RELEASE\spring-boot-starter-test-2.3.0.RELEASE.jar;D:\MavenHome\maven_repository\org\springframework\boot\spring-boot-test\2.3.0.RELEASE\spring-boot-test-2.3.0.RELEASE.jar;D:\MavenHome\maven_repository\org\springframework\boot\spring-boot-test-autoconfigure\2.3.0.RELEASE\spring-boot-test-autoconfigure-2.3.0.RELEASE.jar;D:\MavenHome\maven_repository\com\jayway\jsonpath\json-path\2.4.0\json-path-2.4.0.jar;D:\MavenHome\maven_repository\net\minidev\json-smart\2.3\json-smart-2.3.jar;D:\MavenHome\maven_repository\net\minidev\accessors-smart\1.2\accessors-smart-1.2.jar;D:\MavenHome\maven_repository\org\ow2\asm\asm\5.0.4\asm-5.0.4.jar;D:\MavenHome\maven_repository\jakarta\xml\bind\jakarta.xml.bind-api\2.3.3\jakarta.xml.bind-api-2.3.3.jar;D:\MavenHome\maven_repository\jakarta\activation\jakarta.activation-api\1.2.2\jakarta.activation-api-1.2.2.jar;D:\MavenHome\maven_repository\org\assertj\assertj-core\3.16.1\assertj-core-3.16.1.jar;D:\MavenHome\maven_repository\org\hamcrest\hamcrest\2.2\hamcrest-2.2.jar;D:\MavenHome\maven_repository\org\junit\jupiter\junit-jupiter\5.6.2\junit-jupiter-5.6.2.jar;D:\MavenHome\maven_repository\org\junit\jupiter\junit-jupiter-api\5.6.2\junit-jupiter-api-5.6.2.jar;D:\MavenHome\maven_repository\org\opentest4j\opentest4j\1.2.0\opentest4j-1.2.0.jar;D:\MavenHome\maven_repository\org\junit\platform\junit-platform-commons\1.6.2\junit-platform-commons-1.6.2.jar;D:\MavenHome\maven_repository\org\junit\jupiter\junit-jupiter-params\5.6.2\junit-jupiter-params-5.6.2.jar;D:\MavenHome\maven_repository\org\junit\jupiter\junit-jupiter-engine\5.6.2\junit-jupiter-engine-5.6.2.jar;D:\MavenHome\maven_repository\org\junit\vintage\junit-vintage-engine\5.6.2\junit-vintage-engine-5.6.2.jar;D:\MavenHome\maven_repository\org\apiguardian\apiguardian-api\1.1.0\apiguardian-api-1.1.0.jar;D:\MavenHome\maven_repository\org\junit\platform\junit-platform-engine\1.6.2\junit-platform-engine-1.6.2.jar;D:\MavenHome\maven_repository\junit\junit\4.13\junit-4.13.jar;D:\MavenHome\maven_repository\org\mockito\mockito-core\3.3.3\mockito-core-3.3.3.jar;D:\MavenHome\maven_repository\net\bytebuddy\byte-buddy\1.10.10\byte-buddy-1.10.10.jar;D:\MavenHome\maven_repository\net\bytebuddy\byte-buddy-agent\1.10.10\byte-buddy-agent-1.10.10.jar;D:\MavenHome\maven_repository\org\objenesis\objenesis\2.6\objenesis-2.6.jar;D:\MavenHome\maven_repository\org\mockito\mockito-junit-jupiter\3.3.3\mockito-junit-jupiter-3.3.3.jar;D:\MavenHome\maven_repository\org\skyscreamer\jsonassert\1.5.0\jsonassert-1.5.0.jar;D:\MavenHome\maven_repository\com\vaadin\external\google\android-json\0.0.20131108.vaadin1\android-json-0.0.20131108.vaadin1.jar;D:\MavenHome\maven_repository\org\springframework\spring-test\5.2.6.RELEASE\spring-test-5.2.6.RELEASE.jar;D:\MavenHome\maven_repository\org\xmlunit\xmlunit-core\2.7.0\xmlunit-core-2.7.0.jar;"/>
    <property name="java.vm.vendor" value="Oracle Corporation"/>
    <property name="sun.arch.data.model" value="64"/>
    <property name="user.variant" value=""/>
    <property name="java.vendor.url" value="http://java.oracle.com/"/>
    <property name="user.timezone" value="Asia/Shanghai"/>
    <property name="java.vm.specification.version" value="1.8"/>
    <property name="os.name" value="Windows 10"/>
    <property name="user.country" value="CN"/>
    <property name="sun.java.launcher" value="SUN_STANDARD"/>
    <property name="sun.boot.library.path" value="D:\Java\Java8\jre\bin"/>
    <property name="sun.java.command" value="C:\Users\86176\AppData\Local\Temp\surefire8778328140922762149\surefirebooter5091603693166355240.jar C:\Users\86176\AppData\Local\Temp\surefire8778328140922762149 2022-04-08T11-31-53_579-jvmRun1 surefire7075735386480843166tmp surefire_0460826450391245681tmp"/>
    <property name="surefire.test.class.path" value="D:\project2\yeb\eban-server\target\test-classes;D:\project2\yeb\eban-server\target\classes;D:\MavenHome\maven_repository\org\springframework\boot\spring-boot-starter-web\2.3.0.RELEASE\spring-boot-starter-web-2.3.0.RELEASE.jar;D:\MavenHome\maven_repository\org\springframework\boot\spring-boot-starter-json\2.3.0.RELEASE\spring-boot-starter-json-2.3.0.RELEASE.jar;D:\MavenHome\maven_repository\com\fasterxml\jackson\datatype\jackson-datatype-jdk8\2.11.0\jackson-datatype-jdk8-2.11.0.jar;D:\MavenHome\maven_repository\com\fasterxml\jackson\datatype\jackson-datatype-jsr310\2.11.0\jackson-datatype-jsr310-2.11.0.jar;D:\MavenHome\maven_repository\com\fasterxml\jackson\module\jackson-module-parameter-names\2.11.0\jackson-module-parameter-names-2.11.0.jar;D:\MavenHome\maven_repository\org\springframework\boot\spring-boot-starter-tomcat\2.3.0.RELEASE\spring-boot-starter-tomcat-2.3.0.RELEASE.jar;D:\MavenHome\maven_repository\org\apache\tomcat\embed\tomcat-embed-core\9.0.35\tomcat-embed-core-9.0.35.jar;D:\MavenHome\maven_repository\org\glassfish\jakarta.el\3.0.3\jakarta.el-3.0.3.jar;D:\MavenHome\maven_repository\org\apache\tomcat\embed\tomcat-embed-websocket\9.0.35\tomcat-embed-websocket-9.0.35.jar;D:\MavenHome\maven_repository\org\springframework\spring-web\5.2.6.RELEASE\spring-web-5.2.6.RELEASE.jar;D:\MavenHome\maven_repository\org\springframework\spring-beans\5.2.6.RELEASE\spring-beans-5.2.6.RELEASE.jar;D:\MavenHome\maven_repository\org\springframework\spring-webmvc\5.2.6.RELEASE\spring-webmvc-5.2.6.RELEASE.jar;D:\MavenHome\maven_repository\org\springframework\spring-context\5.2.6.RELEASE\spring-context-5.2.6.RELEASE.jar;D:\MavenHome\maven_repository\org\springframework\spring-expression\5.2.6.RELEASE\spring-expression-5.2.6.RELEASE.jar;D:\MavenHome\maven_repository\org\projectlombok\lombok\1.18.12\lombok-1.18.12.jar;D:\MavenHome\maven_repository\mysql\mysql-connector-java\8.0.20\mysql-connector-java-8.0.20.jar;D:\MavenHome\maven_repository\com\baomidou\mybatis-plus-boot-starter\3.3.1.tmp\mybatis-plus-boot-starter-3.3.1.tmp.jar;D:\MavenHome\maven_repository\com\baomidou\mybatis-plus\3.3.1.tmp\mybatis-plus-3.3.1.tmp.jar;D:\MavenHome\maven_repository\com\baomidou\mybatis-plus-extension\3.3.1.tmp\mybatis-plus-extension-3.3.1.tmp.jar;D:\MavenHome\maven_repository\com\baomidou\mybatis-plus-core\3.3.1.tmp\mybatis-plus-core-3.3.1.tmp.jar;D:\MavenHome\maven_repository\com\baomidou\mybatis-plus-annotation\3.3.1.tmp\mybatis-plus-annotation-3.3.1.tmp.jar;D:\MavenHome\maven_repository\com\github\jsqlparser\jsqlparser\3.1\jsqlparser-3.1.jar;D:\MavenHome\maven_repository\org\mybatis\mybatis\3.5.3\mybatis-3.5.3.jar;D:\MavenHome\maven_repository\org\mybatis\mybatis-spring\2.0.3\mybatis-spring-2.0.3.jar;D:\MavenHome\maven_repository\org\springframework\boot\spring-boot-autoconfigure\2.3.0.RELEASE\spring-boot-autoconfigure-2.3.0.RELEASE.jar;D:\MavenHome\maven_repository\org\springframework\boot\spring-boot-starter-jdbc\2.3.0.RELEASE\spring-boot-starter-jdbc-2.3.0.RELEASE.jar;D:\MavenHome\maven_repository\com\zaxxer\HikariCP\3.4.5\HikariCP-3.4.5.jar;D:\MavenHome\maven_repository\org\springframework\spring-jdbc\5.2.6.RELEASE\spring-jdbc-5.2.6.RELEASE.jar;D:\MavenHome\maven_repository\io\springfox\springfox-swagger2\2.7.0\springfox-swagger2-2.7.0.jar;D:\MavenHome\maven_repository\io\swagger\swagger-annotations\1.5.13\swagger-annotations-1.5.13.jar;D:\MavenHome\maven_repository\io\swagger\swagger-models\1.5.13\swagger-models-1.5.13.jar;D:\MavenHome\maven_repository\com\fasterxml\jackson\core\jackson-annotations\2.11.0\jackson-annotations-2.11.0.jar;D:\MavenHome\maven_repository\io\springfox\springfox-spi\2.7.0\springfox-spi-2.7.0.jar;D:\MavenHome\maven_repository\io\springfox\springfox-core\2.7.0\springfox-core-2.7.0.jar;D:\MavenHome\maven_repository\io\springfox\springfox-schema\2.7.0\springfox-schema-2.7.0.jar;D:\MavenHome\maven_repository\io\springfox\springfox-swagger-common\2.7.0\springfox-swagger-common-2.7.0.jar;D:\MavenHome\maven_repository\io\springfox\springfox-spring-web\2.7.0\springfox-spring-web-2.7.0.jar;D:\MavenHome\maven_repository\org\reflections\reflections\0.9.11\reflections-0.9.11.jar;D:\MavenHome\maven_repository\com\google\guava\guava\18.0\guava-18.0.jar;D:\MavenHome\maven_repository\com\fasterxml\classmate\1.5.1\classmate-1.5.1.jar;D:\MavenHome\maven_repository\org\slf4j\slf4j-api\1.7.30\slf4j-api-1.7.30.jar;D:\MavenHome\maven_repository\org\springframework\plugin\spring-plugin-core\1.2.0.RELEASE\spring-plugin-core-1.2.0.RELEASE.jar;D:\MavenHome\maven_repository\org\springframework\plugin\spring-plugin-metadata\1.2.0.RELEASE\spring-plugin-metadata-1.2.0.RELEASE.jar;D:\MavenHome\maven_repository\org\mapstruct\mapstruct\1.1.0.Final\mapstruct-1.1.0.Final.jar;D:\MavenHome\maven_repository\com\github\xiaoymin\swagger-bootstrap-ui\1.9.6\swagger-bootstrap-ui-1.9.6.jar;D:\MavenHome\maven_repository\org\javassist\javassist\3.25.0-GA\javassist-3.25.0-GA.jar;D:\MavenHome\maven_repository\org\springframework\boot\spring-boot-starter-security\2.3.0.RELEASE\spring-boot-starter-security-2.3.0.RELEASE.jar;D:\MavenHome\maven_repository\org\springframework\spring-aop\5.2.6.RELEASE\spring-aop-5.2.6.RELEASE.jar;D:\MavenHome\maven_repository\org\springframework\security\spring-security-config\5.3.2.RELEASE\spring-security-config-5.3.2.RELEASE.jar;D:\MavenHome\maven_repository\org\springframework\security\spring-security-core\5.3.2.RELEASE\spring-security-core-5.3.2.RELEASE.jar;D:\MavenHome\maven_repository\org\springframework\security\spring-security-web\5.3.2.RELEASE\spring-security-web-5.3.2.RELEASE.jar;D:\MavenHome\maven_repository\io\jsonwebtoken\jjwt\0.9.0\jjwt-0.9.0.jar;D:\MavenHome\maven_repository\com\fasterxml\jackson\core\jackson-databind\2.11.0\jackson-databind-2.11.0.jar;D:\MavenHome\maven_repository\com\fasterxml\jackson\core\jackson-core\2.11.0\jackson-core-2.11.0.jar;D:\MavenHome\maven_repository\com\github\axet\kaptcha\0.0.9\kaptcha-0.0.9.jar;D:\MavenHome\maven_repository\com\jhlabs\filters\2.0.235\filters-2.0.235.jar;D:\MavenHome\maven_repository\org\springframework\boot\spring-boot-starter-data-redis\2.3.0.RELEASE\spring-boot-starter-data-redis-2.3.0.RELEASE.jar;D:\MavenHome\maven_repository\org\springframework\data\spring-data-redis\2.3.0.RELEASE\spring-data-redis-2.3.0.RELEASE.jar;D:\MavenHome\maven_repository\org\springframework\data\spring-data-keyvalue\2.3.0.RELEASE\spring-data-keyvalue-2.3.0.RELEASE.jar;D:\MavenHome\maven_repository\org\springframework\data\spring-data-commons\2.3.0.RELEASE\spring-data-commons-2.3.0.RELEASE.jar;D:\MavenHome\maven_repository\org\springframework\spring-tx\5.2.6.RELEASE\spring-tx-5.2.6.RELEASE.jar;D:\MavenHome\maven_repository\org\springframework\spring-oxm\5.2.6.RELEASE\spring-oxm-5.2.6.RELEASE.jar;D:\MavenHome\maven_repository\org\springframework\spring-context-support\5.2.6.RELEASE\spring-context-support-5.2.6.RELEASE.jar;D:\MavenHome\maven_repository\io\lettuce\lettuce-core\5.3.0.RELEASE\lettuce-core-5.3.0.RELEASE.jar;D:\MavenHome\maven_repository\io\netty\netty-common\4.1.49.Final\netty-common-4.1.49.Final.jar;D:\MavenHome\maven_repository\io\netty\netty-handler\4.1.49.Final\netty-handler-4.1.49.Final.jar;D:\MavenHome\maven_repository\io\netty\netty-resolver\4.1.49.Final\netty-resolver-4.1.49.Final.jar;D:\MavenHome\maven_repository\io\netty\netty-buffer\4.1.49.Final\netty-buffer-4.1.49.Final.jar;D:\MavenHome\maven_repository\io\netty\netty-codec\4.1.49.Final\netty-codec-4.1.49.Final.jar;D:\MavenHome\maven_repository\io\netty\netty-transport\4.1.49.Final\netty-transport-4.1.49.Final.jar;D:\MavenHome\maven_repository\io\projectreactor\reactor-core\3.3.5.RELEASE\reactor-core-3.3.5.RELEASE.jar;D:\MavenHome\maven_repository\org\reactivestreams\reactive-streams\1.0.3\reactive-streams-1.0.3.jar;D:\MavenHome\maven_repository\org\apache\commons\commons-pool2\2.8.0\commons-pool2-2.8.0.jar;D:\MavenHome\maven_repository\cn\afterturn\easypoi-spring-boot-starter\4.1.3\easypoi-spring-boot-starter-4.1.3.jar;D:\MavenHome\maven_repository\cn\afterturn\easypoi-web\4.1.3\easypoi-web-4.1.3.jar;D:\MavenHome\maven_repository\cn\afterturn\easypoi-base\4.1.3\easypoi-base-4.1.3.jar;D:\MavenHome\maven_repository\org\apache\poi\poi\4.1.0\poi-4.1.0.jar;D:\MavenHome\maven_repository\commons-codec\commons-codec\1.14\commons-codec-1.14.jar;D:\MavenHome\maven_repository\org\apache\commons\commons-collections4\4.3\commons-collections4-4.3.jar;D:\MavenHome\maven_repository\org\apache\commons\commons-math3\3.6.1\commons-math3-3.6.1.jar;D:\MavenHome\maven_repository\org\apache\poi\poi-ooxml\4.1.0\poi-ooxml-4.1.0.jar;D:\MavenHome\maven_repository\org\apache\commons\commons-compress\1.18\commons-compress-1.18.jar;D:\MavenHome\maven_repository\com\github\virtuald\curvesapi\1.06\curvesapi-1.06.jar;D:\MavenHome\maven_repository\org\apache\poi\poi-ooxml-schemas\4.1.0\poi-ooxml-schemas-4.1.0.jar;D:\MavenHome\maven_repository\org\apache\xmlbeans\xmlbeans\3.1.0\xmlbeans-3.1.0.jar;D:\MavenHome\maven_repository\org\apache\commons\commons-lang3\3.10\commons-lang3-3.10.jar;D:\MavenHome\maven_repository\ognl\ognl\3.2.6\ognl-3.2.6.jar;D:\MavenHome\maven_repository\javax\validation\validation-api\2.0.1.Final\validation-api-2.0.1.Final.jar;D:\MavenHome\maven_repository\cn\afterturn\easypoi-annotation\4.1.3\easypoi-annotation-4.1.3.jar;D:\MavenHome\maven_repository\org\springframework\boot\spring-boot-starter-amqp\2.3.0.RELEASE\spring-boot-starter-amqp-2.3.0.RELEASE.jar;D:\MavenHome\maven_repository\org\springframework\spring-messaging\5.2.6.RELEASE\spring-messaging-5.2.6.RELEASE.jar;D:\MavenHome\maven_repository\org\springframework\amqp\spring-rabbit\2.2.6.RELEASE\spring-rabbit-2.2.6.RELEASE.jar;D:\MavenHome\maven_repository\com\rabbitmq\amqp-client\5.9.0\amqp-client-5.9.0.jar;D:\MavenHome\maven_repository\org\springframework\amqp\spring-amqp\2.2.6.RELEASE\spring-amqp-2.2.6.RELEASE.jar;D:\MavenHome\maven_repository\org\springframework\retry\spring-retry\1.2.5.RELEASE\spring-retry-1.2.5.RELEASE.jar;D:\MavenHome\maven_repository\org\springframework\boot\spring-boot-starter-websocket\2.3.0.RELEASE\spring-boot-starter-websocket-2.3.0.RELEASE.jar;D:\MavenHome\maven_repository\org\springframework\spring-websocket\5.2.6.RELEASE\spring-websocket-5.2.6.RELEASE.jar;D:\MavenHome\maven_repository\org\springframework\boot\spring-boot-starter\2.3.0.RELEASE\spring-boot-starter-2.3.0.RELEASE.jar;D:\MavenHome\maven_repository\org\springframework\boot\spring-boot\2.3.0.RELEASE\spring-boot-2.3.0.RELEASE.jar;D:\MavenHome\maven_repository\org\springframework\boot\spring-boot-starter-logging\2.3.0.RELEASE\spring-boot-starter-logging-2.3.0.RELEASE.jar;D:\MavenHome\maven_repository\ch\qos\logback\logback-classic\1.2.3\logback-classic-1.2.3.jar;D:\MavenHome\maven_repository\ch\qos\logback\logback-core\1.2.3\logback-core-1.2.3.jar;D:\MavenHome\maven_repository\org\apache\logging\log4j\log4j-to-slf4j\2.13.2\log4j-to-slf4j-2.13.2.jar;D:\MavenHome\maven_repository\org\apache\logging\log4j\log4j-api\2.13.2\log4j-api-2.13.2.jar;D:\MavenHome\maven_repository\org\slf4j\jul-to-slf4j\1.7.30\jul-to-slf4j-1.7.30.jar;D:\MavenHome\maven_repository\jakarta\annotation\jakarta.annotation-api\1.3.5\jakarta.annotation-api-1.3.5.jar;D:\MavenHome\maven_repository\org\springframework\spring-core\5.2.6.RELEASE\spring-core-5.2.6.RELEASE.jar;D:\MavenHome\maven_repository\org\springframework\spring-jcl\5.2.6.RELEASE\spring-jcl-5.2.6.RELEASE.jar;D:\MavenHome\maven_repository\org\yaml\snakeyaml\1.26\snakeyaml-1.26.jar;D:\MavenHome\maven_repository\org\springframework\boot\spring-boot-starter-test\2.3.0.RELEASE\spring-boot-starter-test-2.3.0.RELEASE.jar;D:\MavenHome\maven_repository\org\springframework\boot\spring-boot-test\2.3.0.RELEASE\spring-boot-test-2.3.0.RELEASE.jar;D:\MavenHome\maven_repository\org\springframework\boot\spring-boot-test-autoconfigure\2.3.0.RELEASE\spring-boot-test-autoconfigure-2.3.0.RELEASE.jar;D:\MavenHome\maven_repository\com\jayway\jsonpath\json-path\2.4.0\json-path-2.4.0.jar;D:\MavenHome\maven_repository\net\minidev\json-smart\2.3\json-smart-2.3.jar;D:\MavenHome\maven_repository\net\minidev\accessors-smart\1.2\accessors-smart-1.2.jar;D:\MavenHome\maven_repository\org\ow2\asm\asm\5.0.4\asm-5.0.4.jar;D:\MavenHome\maven_repository\jakarta\xml\bind\jakarta.xml.bind-api\2.3.3\jakarta.xml.bind-api-2.3.3.jar;D:\MavenHome\maven_repository\jakarta\activation\jakarta.activation-api\1.2.2\jakarta.activation-api-1.2.2.jar;D:\MavenHome\maven_repository\org\assertj\assertj-core\3.16.1\assertj-core-3.16.1.jar;D:\MavenHome\maven_repository\org\hamcrest\hamcrest\2.2\hamcrest-2.2.jar;D:\MavenHome\maven_repository\org\junit\jupiter\junit-jupiter\5.6.2\junit-jupiter-5.6.2.jar;D:\MavenHome\maven_repository\org\junit\jupiter\junit-jupiter-api\5.6.2\junit-jupiter-api-5.6.2.jar;D:\MavenHome\maven_repository\org\opentest4j\opentest4j\1.2.0\opentest4j-1.2.0.jar;D:\MavenHome\maven_repository\org\junit\platform\junit-platform-commons\1.6.2\junit-platform-commons-1.6.2.jar;D:\MavenHome\maven_repository\org\junit\jupiter\junit-jupiter-params\5.6.2\junit-jupiter-params-5.6.2.jar;D:\MavenHome\maven_repository\org\junit\jupiter\junit-jupiter-engine\5.6.2\junit-jupiter-engine-5.6.2.jar;D:\MavenHome\maven_repository\org\junit\vintage\junit-vintage-engine\5.6.2\junit-vintage-engine-5.6.2.jar;D:\MavenHome\maven_repository\org\apiguardian\apiguardian-api\1.1.0\apiguardian-api-1.1.0.jar;D:\MavenHome\maven_repository\org\junit\platform\junit-platform-engine\1.6.2\junit-platform-engine-1.6.2.jar;D:\MavenHome\maven_repository\junit\junit\4.13\junit-4.13.jar;D:\MavenHome\maven_repository\org\mockito\mockito-core\3.3.3\mockito-core-3.3.3.jar;D:\MavenHome\maven_repository\net\bytebuddy\byte-buddy\1.10.10\byte-buddy-1.10.10.jar;D:\MavenHome\maven_repository\net\bytebuddy\byte-buddy-agent\1.10.10\byte-buddy-agent-1.10.10.jar;D:\MavenHome\maven_repository\org\objenesis\objenesis\2.6\objenesis-2.6.jar;D:\MavenHome\maven_repository\org\mockito\mockito-junit-jupiter\3.3.3\mockito-junit-jupiter-3.3.3.jar;D:\MavenHome\maven_repository\org\skyscreamer\jsonassert\1.5.0\jsonassert-1.5.0.jar;D:\MavenHome\maven_repository\com\vaadin\external\google\android-json\0.0.20131108.vaadin1\android-json-0.0.20131108.vaadin1.jar;D:\MavenHome\maven_repository\org\springframework\spring-test\5.2.6.RELEASE\spring-test-5.2.6.RELEASE.jar;D:\MavenHome\maven_repository\org\xmlunit\xmlunit-core\2.7.0\xmlunit-core-2.7.0.jar;"/>
    <property name="sun.cpu.endian" value="little"/>
    <property name="user.home" value="C:\Users\86176"/>
    <property name="user.language" value="zh"/>
    <property name="java.specification.vendor" value="Oracle Corporation"/>
    <property name="java.home" value="D:\Java\Java8\jre"/>
    <property name="basedir" value="D:\project2\yeb\eban-server"/>
    <property name="file.separator" value="\"/>
    <property name="line.separator" value="&#10;"/>
    <property name="java.vm.specification.vendor" value="Oracle Corporation"/>
    <property name="java.specification.name" value="Java Platform API Specification"/>
    <property name="java.awt.graphicsenv" value="sun.awt.Win32GraphicsEnvironment"/>
    <property name="surefire.real.class.path" value="C:\Users\86176\AppData\Local\Temp\surefire8778328140922762149\surefirebooter5091603693166355240.jar"/>
    <property name="sun.boot.class.path" value="D:\Java\Java8\jre\lib\resources.jar;D:\Java\Java8\jre\lib\rt.jar;D:\Java\Java8\jre\lib\sunrsasign.jar;D:\Java\Java8\jre\lib\jsse.jar;D:\Java\Java8\jre\lib\jce.jar;D:\Java\Java8\jre\lib\charsets.jar;D:\Java\Java8\jre\lib\jfr.jar;D:\Java\Java8\jre\classes"/>
    <property name="user.script" value=""/>
    <property name="sun.management.compiler" value="HotSpot 64-Bit Tiered Compilers"/>
    <property name="java.runtime.version" value="1.8.0_301-b09"/>
    <property name="user.name" value="86176"/>
    <property name="path.separator" value=";"/>
    <property name="os.version" value="10.0"/>
    <property name="java.endorsed.dirs" value="D:\Java\Java8\jre\lib\endorsed"/>
    <property name="java.runtime.name" value="Java(TM) SE Runtime Environment"/>
    <property name="file.encoding" value="GBK"/>
    <property name="java.vm.name" value="Java HotSpot(TM) 64-Bit Server VM"/>
    <property name="localRepository" value="D:\MavenHome\maven_repository"/>
    <property name="java.vendor.url.bug" value="http://bugreport.sun.com/bugreport/"/>
    <property name="java.io.tmpdir" value="C:\Users\86176\AppData\Local\Temp\"/>
    <property name="idea.version" value="2021.2.3"/>
    <property name="java.version" value="1.8.0_301"/>
    <property name="user.dir" value="D:\project2\yeb\eban-server"/>
    <property name="os.arch" value="amd64"/>
    <property name="java.vm.specification.name" value="Java Virtual Machine Specification"/>
    <property name="java.awt.printerjob" value="sun.awt.windows.WPrinterJob"/>
    <property name="sun.os.patch.level" value=""/>
    <property name="java.library.path" value="D:\Java\Java8\jre\bin;C:\WINDOWS\Sun\Java\bin;C:\WINDOWS\system32;C:\WINDOWS;&quot;D:\Java\Java8\bin;D:\Java\Java8\jre\bin;&quot;;C:\Program Files\Common Files\Oracle\Java\javapath;C:\Program Files (x86)\Common Files\Oracle\Java\javapath;D:\app\86176\product\12.2.0\dbhome_1\bin;C:\WINDOWS\system32;C:\WINDOWS;C:\WINDOWS\System32\Wbem;C:\WINDOWS\System32\WindowsPowerShell\v1.0\;C:\WINDOWS\System32\OpenSSH\;C:\Program Files\Intel\WiFi\bin\;C:\Program Files\Common Files\Intel\WirelessCommon\;D:\Python;D:\Python\Scripts\;D:\Python\;C:\Users\86176\AppData\Local\Microsoft\WindowsApps;D:\IDE\IntelliJ IDEA 2019.3.4\bin;C:\adb;D:\MavenHome\apache-maven-3.8.3\bin;D:\Program Files\Git\cmd;D:\Nodejs\node_global;D:\Redis\;D:\Erlang\erl9.3\bin;C:\Program Files (x86)\Pulse Secure\VC142.CRT\X64\;C:\Program Files (x86)\Pulse Secure\VC142.CRT\X86\;%MYSQL_HOME%\bin;D:\Program Files\xshell\;D:\Program Files\Xftp\;D:\Nodejs\;D:\Python\Scripts\;D:\Python\;C:\Users\86176\AppData\Local\Microsoft\WindowsApps;D:\Java\Java8\bin;D:\Java\Java8\jre\bin;;D:\IDE\IntelliJ IDEA 2021.2.3\bin;;D:\Program Files\WebStorm 2021.3.2\bin;;C:\Users\86176\AppData\Roaming\npm;D:\Program Files\B-zip\;."/>
    <property name="java.vm.info" value="mixed mode"/>
    <property name="java.vendor" value="Oracle Corporation"/>
    <property name="java.vm.version" value="25.301-b09"/>
    <property name="java.ext.dirs" value="D:\Java\Java8\jre\lib\ext;C:\WINDOWS\Sun\Java\lib\ext"/>
    <property name="sun.io.unicode.encoding" value="UnicodeLittle"/>
    <property name="maven.repo.local" value="D:\MavenHome\maven_repository"/>
    <property name="java.class.version" value="52.0"/>
  </properties>
  <testcase name="shouldAnswerWithTrue" classname="com.zzy.eban.AppTest" time="0.009"/>
</testsuite>